C51 COMPILER V9.54   KEY                                                                   06/20/2022 10:12:08 PAGE 1   


C51 COMPILER V9.54, COMPILATION OF MODULE KEY
OBJECT MODULE PLACED IN key.OBJ
COMPILER INVOKED BY: D:\keilC51\C51\BIN\C51.EXE key.c OPTIMIZE(8,SPEED) BROWSE DEBUG OBJECTEXTEND TABS(2)

line level    source

   1          #include "key.h"
   2          
   3          char key_position = 0;
   4          
   5          unsigned char key_flag()
   6          {
   7   1          if (key1 && key2 && key3 && key4) // 松手复位
   8   1              k_flag = 0;
   9   1          if (!(key1 && key2 && key3 && key4)) // 按下判断
  10   1          {
  11   2              delay(1);                            // 消抖
  12   2              if (!(key1 && key2 && key3 && key4)) // 再次按下判断
  13   2                  if (k_flag == 0)
  14   2                  {
  15   3                      k_flag = 1; // 置位
  16   3                      if (!key1)
  17   3                          return 1; // 返回按下的按键编号
  18   3                      if (!key2)
  19   3                          return 2;
  20   3                      if (!key3)
  21   3                          return 3;
  22   3                      if (!key4)
  23   3                          return 4;
  24   3                  }
  25   2          }
  26   1          return 0;
  27   1      }
  28          
  29          void key_down() // 按下按键时更改时间
  30          {
  31   1          switch (key_flag()) // 判断按下的按键
  32   1          {
  33   2          case 0:
  34   2              break;
  35   2          case 1:                     // 按下<<
  36   2              if (--key_position < 0) // 判断是否越界
  37   2                  key_position = 3;
  38   2              break;
  39   2          case 2:                     // 按下>>
  40   2              if (++key_position > 3) // 判断是否越界
  41   2                  key_position = 0;
  42   2              break;
  43   2          case 3: // 按下++
  44   2              if (key_position == 1)
  45   2              {
  46   3                  if (++hour >= 24)
  47   3                      hour = 0;
  48   3              }
  49   2              if (key_position == 2)
  50   2              {
  51   3                  if (++min >= 60)
  52   3                      min = 0;
  53   3              }
  54   2              if (key_position == 3)
  55   2              {
C51 COMPILER V9.54   KEY                                                                   06/20/2022 10:12:08 PAGE 2   

  56   3                  if (++sec >= 60)
  57   3                      sec = 0;
  58   3              }
  59   2              break;
  60   2          case 4: // 按下--
  61   2              if (key_position == 1)
  62   2              {
  63   3                  if (--hour <= -1)
  64   3                      hour = 23;
  65   3              }
  66   2              if (key_position == 2)
  67   2              {
  68   3                  if (--min <= -1)
  69   3                      min = 59;
  70   3              }
  71   2              if (key_position == 3)
  72   2              {
  73   3                  if (--sec <= -1)
  74   3                      sec = 59;
  75   3              }
  76   2              break;
  77   2          default:
  78   2              break;
  79   2          }
  80   1      }


MODULE INFORMATION:   STATIC OVERLAYABLE
   CODE SIZE        =    323    ----
   CONSTANT SIZE    =   ----    ----
   XDATA SIZE       =   ----    ----
   PDATA SIZE       =   ----    ----
   DATA SIZE        =      4    ----
   IDATA SIZE       =   ----    ----
   BIT SIZE         =   ----    ----
END OF MODULE INFORMATION.


C51 COMPILATION COMPLETE.  0 WARNING(S),  0 ERROR(S)
